<?xml version="1.0" encoding="UTF-8"?>
<testng-results ignored="0" total="1" passed="1" failed="0" skipped="0">
  <reporter-output>
  </reporter-output>
  <suite started-at="2025-03-06T11:10:03 IST" name="Suite" finished-at="2025-03-06T11:10:16 IST" duration-ms="12752">
    <groups>
      <group name="smoke">
        <method signature="AdminUserTest.adminUserAdding()[pri:0, instance:testScript.AdminUserTest@5afa3c9]" name="adminUserAdding" class="testScript.AdminUserTest"/>
      </group> <!-- smoke -->
    </groups>
    <test started-at="2025-03-06T11:10:03 IST" name="Test" finished-at="2025-03-06T11:10:16 IST" duration-ms="12752">
      <class name="testScript.AdminUserTest">
        <test-method is-config="true" signature="initializeBrowser(java.lang.String)[pri:0, instance:testScript.AdminUserTest@5afa3c9]" started-at="2025-03-06T11:10:03 IST" name="initializeBrowser" finished-at="2025-03-06T11:10:10 IST" duration-ms="6700" status="PASS">
          <params>
            <param index="0">
              <value>
                <![CDATA[Chrome]]>
              </value>
            </param>
          </params>
          <reporter-output>
          </reporter-output>
        </test-method> <!-- initializeBrowser -->
        <test-method signature="adminUserAdding()[pri:0, instance:testScript.AdminUserTest@5afa3c9]" started-at="2025-03-06T11:10:10 IST" name="adminUserAdding" finished-at="2025-03-06T11:10:16 IST" duration-ms="5973" status="PASS">
          <reporter-output>
          </reporter-output>
        </test-method> <!-- adminUserAdding -->
        <test-method is-config="true" signature="driverQuit(org.testng.ITestResult)[pri:0, instance:testScript.AdminUserTest@5afa3c9]" started-at="2025-03-06T11:10:16 IST" name="driverQuit" finished-at="2025-03-06T11:10:16 IST" duration-ms="2" status="PASS">
          <params>
            <param index="0">
              <value>
                <![CDATA[[TestResult name=adminUserAdding status=SUCCESS method=AdminUserTest.adminUserAdding()[pri:0, instance:testScript.AdminUserTest@5afa3c9] output={null}]]]>
              </value>
            </param>
          </params>
          <reporter-output>
          </reporter-output>
        </test-method> <!-- driverQuit -->
      </class> <!-- testScript.AdminUserTest -->
    </test> <!-- Test -->
  </suite> <!-- Suite -->
</testng-results>
